[debug] [2025-07-15T16:09:32.079Z] ----------------------------------------------------------------------
[debug] [2025-07-15T16:09:32.086Z] Command:       C:\Program Files\nodejs\node.exe C:\Users\delan\AppData\Roaming\npm\node_modules\firebase-tools\lib\bin\firebase.js projects:create good-bank-mvp --display-name Good Bank MVP
[debug] [2025-07-15T16:09:32.087Z] CLI Version:   14.4.0
[debug] [2025-07-15T16:09:32.087Z] Platform:      win32
[debug] [2025-07-15T16:09:32.087Z] Node Version:  v22.14.0
[debug] [2025-07-15T16:09:32.087Z] Time:          Tue Jul 15 2025 12:09:32 GMT-0400 (Atlantic Standard Time)
[debug] [2025-07-15T16:09:32.087Z] ----------------------------------------------------------------------
[debug] 
[debug] [2025-07-15T16:09:32.090Z] >>> [apiv2][query] GET https://firebase-public.firebaseio.com/cli.json [none]
[debug] [2025-07-15T16:09:32.161Z] > command requires scopes: ["email","openid","https://www.googleapis.com/auth/cloudplatformprojects.readonly","https://www.googleapis.com/auth/firebase","https://www.googleapis.com/auth/cloud-platform"]
[debug] [2025-07-15T16:09:32.161Z] > authorizing via signed-in user (delanowaithe@gmail.com)
[debug] [2025-07-15T16:09:33.194Z] <<< [apiv2][status] GET https://firebase-public.firebaseio.com/cli.json 200
[debug] [2025-07-15T16:09:33.194Z] <<< [apiv2][body] GET https://firebase-public.firebaseio.com/cli.json {"cloudBuildErrorAfter":1594252800000,"cloudBuildWarnAfter":1590019200000,"defaultNode10After":1594252800000,"minVersion":"3.0.5","node8DeploysDisabledAfter":1613390400000,"node8RuntimeDisabledAfter":1615809600000,"node8WarnAfter":1600128000000}
[debug] [2025-07-15T16:10:10.982Z] Checked if tokens are valid: false, expires at: 1748979080761
[debug] [2025-07-15T16:10:10.983Z] Checked if tokens are valid: false, expires at: 1748979080761
[debug] [2025-07-15T16:10:10.983Z] > refreshing access token with scopes: []
[debug] [2025-07-15T16:10:10.984Z] >>> [apiv2][query] POST https://www.googleapis.com/oauth2/v3/token [none]
[debug] [2025-07-15T16:10:10.984Z] >>> [apiv2][body] POST https://www.googleapis.com/oauth2/v3/token [omitted]
[debug] [2025-07-15T16:10:12.285Z] <<< [apiv2][status] POST https://www.googleapis.com/oauth2/v3/token 200
[debug] [2025-07-15T16:10:12.286Z] <<< [apiv2][body] POST https://www.googleapis.com/oauth2/v3/token [omitted]
[debug] [2025-07-15T16:10:12.299Z] >>> [apiv2][query] POST https://cloudresourcemanager.googleapis.com/v1/projects [none]
[debug] [2025-07-15T16:10:12.299Z] >>> [apiv2][body] POST https://cloudresourcemanager.googleapis.com/v1/projects {"projectId":"main_quest_mvp","name":"main_quest_mvp"}
[debug] [2025-07-15T16:10:14.273Z] <<< [apiv2][status] POST https://cloudresourcemanager.googleapis.com/v1/projects 400
[debug] [2025-07-15T16:10:14.273Z] <<< [apiv2][body] POST https://cloudresourcemanager.googleapis.com/v1/projects {"error":{"code":400,"message":"Request contains an invalid argument.","status":"INVALID_ARGUMENT","details":[{"@type":"type.googleapis.com/google.rpc.BadRequest","fieldViolations":[{"field":"project_id","description":"project_id contains invalid characters"},{"field":"display_name","description":"project display name contains invalid characters"}]},{"@type":"type.googleapis.com/google.rpc.Help","links":[{"url":"https://cloud.google.com/resource-manager/reference/rest/v1/projects"}]}]}}
[debug] [2025-07-15T16:10:14.461Z] FirebaseError: Request to https://cloudresourcemanager.googleapis.com/v1/projects had HTTP Error: 400, Request contains an invalid argument.
    at responseToError (C:\Users\delan\AppData\Roaming\npm\node_modules\firebase-tools\lib\responseToError.js:52:12)
    at RetryOperation._fn (C:\Users\delan\AppData\Roaming\npm\node_modules\firebase-tools\lib\apiv2.js:312:77)
    at process.processTicksAndRejections (node:internal/process/task_queues:105:5)
[error] 
[error] Error: Failed to create project. See firebase-debug.log for more info.
